<?xml version="1.0" encoding="UTF-8"?>
<testng-results ignored="0" total="1" passed="1" failed="0" skipped="0">
  <reporter-output>
  </reporter-output>
  <suite started-at="2023-10-10T20:49:50 IST" name="Default suite" finished-at="2023-10-10T20:50:23 IST" duration-ms="33133">
    <groups>
    </groups>
    <test started-at="2023-10-10T20:49:50 IST" name="Default test" finished-at="2023-10-10T20:50:23 IST" duration-ms="33133">
      <class name="com.qa.TestScript.TestBase">
        <test-method is-config="true" signature="beforeClass()[pri:0, instance:com.qa.TestScript.TestBase@576d5deb]" started-at="2023-10-10T20:49:50 IST" name="beforeClass" finished-at="2023-10-10T20:49:50 IST" duration-ms="12" status="PASS">
          <reporter-output>
          </reporter-output>
        </test-method> <!-- beforeClass -->
        <test-method signature="ReadPDFFile()[pri:0, instance:com.qa.TestScript.TestBase@576d5deb]" started-at="2023-10-10T20:49:50 IST" name="ReadPDFFile" finished-at="2023-10-10T20:50:23 IST" duration-ms="33058" status="PASS">
          <reporter-output>
          </reporter-output>
        </test-method> <!-- ReadPDFFile -->
      </class> <!-- com.qa.TestScript.TestBase -->
    </test> <!-- Default test -->
  </suite> <!-- Default suite -->
</testng-results>
